{"/Users/erezmizrahi/Desktop/JavaScript/personal-recored/backend/workouts/src/app.ts": {"path":"/Users/erezmizrahi/Desktop/JavaScript/personal-recored/backend/workouts/src/app.ts","statementMap":{"0":{"start":{"line":1,"column":0},"end":{"line":1,"column":29}},"1":{"start":{"line":2,"column":0},"end":{"line":2,"column":29}},"2":{"start":{"line":4,"column":0},"end":{"line":4,"column":68}},"3":{"start":{"line":5,"column":0},"end":{"line":5,"column":57}},"4":{"start":{"line":7,"column":12},"end":{"line":7,"column":21}},"5":{"start":{"line":20,"column":9},"end":{"line":20,"column":12}},"6":{"start":{"line":9,"column":0},"end":{"line":9,"column":29}},"7":{"start":{"line":10,"column":0},"end":{"line":10,"column":24}},"8":{"start":{"line":11,"column":0},"end":{"line":11,"column":46}},"9":{"start":{"line":13,"column":0},"end":{"line":13,"column":42}},"10":{"start":{"line":16,"column":0},"end":{"line":16,"column":56}},"11":{"start":{"line":16,"column":24},"end":{"line":16,"column":55}},"12":{"start":{"line":16,"column":27},"end":{"line":16,"column":53}},"13":{"start":{"line":19,"column":0},"end":{"line":19,"column":22}}},"fnMap":{"0":{"name":"(anonymous_8)","decl":{"start":{"line":16,"column":13},"end":{"line":16,"column":22}},"loc":{"start":{"line":16,"column":24},"end":{"line":16,"column":55}}},"1":{"name":"(anonymous_9)","decl":{"start":{"line":16,"column":24},"end":{"line":16,"column":27}},"loc":{"start":{"line":16,"column":24},"end":{"line":16,"column":54}}}},"branchMap":{},"s":{"0":4,"1":4,"2":4,"3":4,"4":4,"5":4,"6":4,"7":4,"8":4,"9":4,"10":4,"11":0,"12":0,"13":4},"f":{"0":0,"1":0},"b":{}}
,"/Users/erezmizrahi/Desktop/JavaScript/personal-recored/backend/workouts/src/controllers/workouts.controller.ts": {"path":"/Users/erezmizrahi/Desktop/JavaScript/personal-recored/backend/workouts/src/controllers/workouts.controller.ts","statementMap":{"0":{"start":{"line":2,"column":0},"end":{"line":2,"column":56}},"1":{"start":{"line":4,"column":29},"end":{"line":8,"column":null}},"2":{"start":{"line":4,"column":67},"end":{"line":8,"column":null}},"3":{"start":{"line":5,"column":40},"end":{"line":5,"column":48}},"4":{"start":{"line":6,"column":20},"end":{"line":6,"column":112}},"5":{"start":{"line":7,"column":4},"end":{"line":7,"column":34}},"6":{"start":{"line":4,"column":13},"end":{"line":4,"column":29}},"7":{"start":{"line":10,"column":38},"end":{"line":13,"column":null}},"8":{"start":{"line":10,"column":76},"end":{"line":13,"column":null}},"9":{"start":{"line":11,"column":21},"end":{"line":11,"column":86}},"10":{"start":{"line":12,"column":4},"end":{"line":12,"column":35}},"11":{"start":{"line":10,"column":13},"end":{"line":10,"column":38}},"12":{"start":{"line":15,"column":38},"end":{"line":18,"column":null}},"13":{"start":{"line":15,"column":76},"end":{"line":18,"column":null}},"14":{"start":{"line":16,"column":21},"end":{"line":16,"column":108}},"15":{"start":{"line":17,"column":4},"end":{"line":17,"column":35}},"16":{"start":{"line":15,"column":13},"end":{"line":15,"column":38}},"17":{"start":{"line":20,"column":33},"end":{"line":23,"column":null}},"18":{"start":{"line":20,"column":71},"end":{"line":23,"column":null}},"19":{"start":{"line":21,"column":4},"end":{"line":21,"column":98}},"20":{"start":{"line":22,"column":4},"end":{"line":22,"column":27}},"21":{"start":{"line":20,"column":13},"end":{"line":20,"column":33}}},"fnMap":{"0":{"name":"(anonymous_8)","decl":{"start":{"line":4,"column":29},"end":{"line":4,"column":36}},"loc":{"start":{"line":4,"column":67},"end":{"line":8,"column":null}}},"1":{"name":"(anonymous_9)","decl":{"start":{"line":4,"column":67},"end":{"line":4,"column":null}},"loc":{"start":{"line":4,"column":67},"end":{"line":8,"column":1}}},"2":{"name":"(anonymous_10)","decl":{"start":{"line":10,"column":38},"end":{"line":10,"column":45}},"loc":{"start":{"line":10,"column":76},"end":{"line":13,"column":null}}},"3":{"name":"(anonymous_11)","decl":{"start":{"line":10,"column":76},"end":{"line":10,"column":null}},"loc":{"start":{"line":10,"column":76},"end":{"line":13,"column":1}}},"4":{"name":"(anonymous_12)","decl":{"start":{"line":15,"column":38},"end":{"line":15,"column":45}},"loc":{"start":{"line":15,"column":76},"end":{"line":18,"column":null}}},"5":{"name":"(anonymous_13)","decl":{"start":{"line":15,"column":76},"end":{"line":15,"column":null}},"loc":{"start":{"line":15,"column":76},"end":{"line":18,"column":1}}},"6":{"name":"(anonymous_14)","decl":{"start":{"line":20,"column":33},"end":{"line":20,"column":40}},"loc":{"start":{"line":20,"column":71},"end":{"line":23,"column":null}}},"7":{"name":"(anonymous_15)","decl":{"start":{"line":20,"column":71},"end":{"line":20,"column":null}},"loc":{"start":{"line":20,"column":71},"end":{"line":23,"column":1}}}},"branchMap":{},"s":{"0":4,"1":4,"2":7,"3":7,"4":7,"5":7,"6":4,"7":4,"8":1,"9":1,"10":1,"11":4,"12":4,"13":1,"14":1,"15":1,"16":4,"17":4,"18":2,"19":2,"20":2,"21":4},"f":{"0":7,"1":7,"2":1,"3":1,"4":1,"5":1,"6":2,"7":2},"b":{}}
,"/Users/erezmizrahi/Desktop/JavaScript/personal-recored/backend/workouts/src/middlewares/app.user.ts": {"path":"/Users/erezmizrahi/Desktop/JavaScript/personal-recored/backend/workouts/src/middlewares/app.user.ts","statementMap":{"0":{"start":{"line":2,"column":0},"end":{"line":2,"column":78}},"1":{"start":{"line":3,"column":0},"end":{"line":3,"column":54}},"2":{"start":{"line":14,"column":30},"end":{"line":23,"column":null}},"3":{"start":{"line":14,"column":88},"end":{"line":23,"column":null}},"4":{"start":{"line":15,"column":4},"end":{"line":15,"column":75}},"5":{"start":{"line":15,"column":40},"end":{"line":15,"column":75}},"6":{"start":{"line":17,"column":25},"end":{"line":17,"column":90}},"7":{"start":{"line":18,"column":4},"end":{"line":18,"column":48}},"8":{"start":{"line":18,"column":22},"end":{"line":18,"column":48}},"9":{"start":{"line":20,"column":4},"end":{"line":20,"column":43}},"10":{"start":{"line":22,"column":4},"end":{"line":22,"column":11}},"11":{"start":{"line":14,"column":13},"end":{"line":14,"column":30}}},"fnMap":{"0":{"name":"(anonymous_7)","decl":{"start":{"line":14,"column":30},"end":{"line":14,"column":37}},"loc":{"start":{"line":14,"column":88},"end":{"line":23,"column":null}}},"1":{"name":"(anonymous_8)","decl":{"start":{"line":14,"column":88},"end":{"line":14,"column":null}},"loc":{"start":{"line":14,"column":88},"end":{"line":23,"column":1}}}},"branchMap":{"0":{"loc":{"start":{"line":15,"column":4},"end":{"line":15,"column":75}},"type":"if","locations":[{"start":{"line":15,"column":4},"end":{"line":15,"column":75}}]},"1":{"loc":{"start":{"line":18,"column":4},"end":{"line":18,"column":48}},"type":"if","locations":[{"start":{"line":18,"column":4},"end":{"line":18,"column":48}}]}},"s":{"0":4,"1":4,"2":4,"3":21,"4":21,"5":0,"6":21,"7":21,"8":5,"9":16,"10":16,"11":4},"f":{"0":21,"1":21},"b":{"0":[0],"1":[5]}}
,"/Users/erezmizrahi/Desktop/JavaScript/personal-recored/backend/workouts/src/models/internal-user.model.ts": {"path":"/Users/erezmizrahi/Desktop/JavaScript/personal-recored/backend/workouts/src/models/internal-user.model.ts","statementMap":{"0":{"start":{"line":1,"column":0},"end":{"line":1,"column":58}},"1":{"start":{"line":20,"column":27},"end":{"line":41,"column":2}},"2":{"start":{"line":37,"column":12},"end":{"line":37,"column":29}},"3":{"start":{"line":38,"column":12},"end":{"line":38,"column":27}},"4":{"start":{"line":43,"column":0},"end":{"line":45,"column":null}},"5":{"start":{"line":44,"column":4},"end":{"line":44,"column":35}},"6":{"start":{"line":47,"column":21},"end":{"line":47,"column":98}},"7":{"start":{"line":49,"column":9},"end":{"line":49,"column":21}}},"fnMap":{"0":{"name":"(anonymous_0)","decl":{"start":{"line":36,"column":8},"end":{"line":36,"column":17}},"loc":{"start":{"line":36,"column":26},"end":{"line":39,"column":9}}},"1":{"name":"(anonymous_1)","decl":{"start":{"line":43,"column":35},"end":{"line":43,"column":36}},"loc":{"start":{"line":43,"column":64},"end":{"line":45,"column":1}}}},"branchMap":{},"s":{"0":4,"1":4,"2":14,"3":14,"4":4,"5":12,"6":4,"7":4},"f":{"0":14,"1":12},"b":{}}
,"/Users/erezmizrahi/Desktop/JavaScript/personal-recored/backend/workouts/src/models/program.model.ts": {"path":"/Users/erezmizrahi/Desktop/JavaScript/personal-recored/backend/workouts/src/models/program.model.ts","statementMap":{"0":{"start":{"line":1,"column":0},"end":{"line":1,"column":58}},"1":{"start":{"line":36,"column":22},"end":{"line":96,"column":2}},"2":{"start":{"line":84,"column":12},"end":{"line":84,"column":37}},"3":{"start":{"line":85,"column":12},"end":{"line":85,"column":27}},"4":{"start":{"line":86,"column":12},"end":{"line":86,"column":27}},"5":{"start":{"line":87,"column":12},"end":{"line":87,"column":29}},"6":{"start":{"line":88,"column":12},"end":{"line":93,"column":15}},"7":{"start":{"line":89,"column":16},"end":{"line":89,"column":35}},"8":{"start":{"line":90,"column":16},"end":{"line":92,"column":19}},"9":{"start":{"line":91,"column":20},"end":{"line":91,"column":40}},"10":{"start":{"line":98,"column":0},"end":{"line":100,"column":null}},"11":{"start":{"line":99,"column":4},"end":{"line":99,"column":30}},"12":{"start":{"line":102,"column":16},"end":{"line":102,"column":73}},"13":{"start":{"line":103,"column":9},"end":{"line":103,"column":16}}},"fnMap":{"0":{"name":"(anonymous_0)","decl":{"start":{"line":83,"column":8},"end":{"line":83,"column":17}},"loc":{"start":{"line":83,"column":26},"end":{"line":94,"column":9}}},"1":{"name":"(anonymous_1)","decl":{"start":{"line":88,"column":33},"end":{"line":88,"column":34}},"loc":{"start":{"line":88,"column":50},"end":{"line":93,"column":13}}},"2":{"name":"(anonymous_2)","decl":{"start":{"line":90,"column":42},"end":{"line":90,"column":43}},"loc":{"start":{"line":90,"column":60},"end":{"line":92,"column":17}}},"3":{"name":"(anonymous_3)","decl":{"start":{"line":98,"column":30},"end":{"line":98,"column":31}},"loc":{"start":{"line":98,"column":54},"end":{"line":100,"column":1}}}},"branchMap":{},"s":{"0":4,"1":4,"2":15,"3":15,"4":15,"5":15,"6":15,"7":15,"8":15,"9":15,"10":4,"11":7,"12":4,"13":4},"f":{"0":15,"1":15,"2":15,"3":7},"b":{}}
,"/Users/erezmizrahi/Desktop/JavaScript/personal-recored/backend/workouts/src/routes/workouts.route.ts": {"path":"/Users/erezmizrahi/Desktop/JavaScript/personal-recored/backend/workouts/src/routes/workouts.route.ts","statementMap":{"0":{"start":{"line":1,"column":0},"end":{"line":1,"column":33}},"1":{"start":{"line":2,"column":0},"end":{"line":2,"column":87}},"2":{"start":{"line":3,"column":0},"end":{"line":3,"column":134}},"3":{"start":{"line":4,"column":0},"end":{"line":4,"column":57}},"4":{"start":{"line":5,"column":0},"end":{"line":5,"column":48}},"5":{"start":{"line":7,"column":15},"end":{"line":7,"column":23}},"6":{"start":{"line":70,"column":19},"end":{"line":70,"column":33}},"7":{"start":{"line":8,"column":29},"end":{"line":8,"column":77}},"8":{"start":{"line":10,"column":0},"end":{"line":10,"column":74}},"9":{"start":{"line":12,"column":0},"end":{"line":18,"column":43}},"10":{"start":{"line":20,"column":0},"end":{"line":60,"column":34}},"11":{"start":{"line":30,"column":12},"end":{"line":30,"column":94}},"12":{"start":{"line":30,"column":45},"end":{"line":30,"column":94}},"13":{"start":{"line":31,"column":12},"end":{"line":31,"column":24}},"14":{"start":{"line":62,"column":0},"end":{"line":68,"column":null}}},"fnMap":{"0":{"name":"(anonymous_0)","decl":{"start":{"line":29,"column":16},"end":{"line":29,"column":17}},"loc":{"start":{"line":29,"column":26},"end":{"line":32,"column":9}}}},"branchMap":{"0":{"loc":{"start":{"line":30,"column":12},"end":{"line":30,"column":94}},"type":"if","locations":[{"start":{"line":30,"column":12},"end":{"line":30,"column":94}}]}},"s":{"0":4,"1":4,"2":4,"3":4,"4":4,"5":4,"6":4,"7":4,"8":4,"9":4,"10":4,"11":11,"12":1,"13":10,"14":4},"f":{"0":11},"b":{"0":[1]}}
,"/Users/erezmizrahi/Desktop/JavaScript/personal-recored/backend/workouts/src/services/program.ts": {"path":"/Users/erezmizrahi/Desktop/JavaScript/personal-recored/backend/workouts/src/services/program.ts","statementMap":{"0":{"start":{"line":2,"column":0},"end":{"line":2,"column":76}},"1":{"start":{"line":6,"column":8},"end":{"line":6,"column":37}},"2":{"start":{"line":7,"column":8},"end":{"line":7,"column":26}},"3":{"start":{"line":11,"column":25},"end":{"line":11,"column":53}},"4":{"start":{"line":12,"column":8},"end":{"line":12,"column":68}},"5":{"start":{"line":12,"column":22},"end":{"line":12,"column":68}},"6":{"start":{"line":14,"column":24},"end":{"line":14,"column":79}},"7":{"start":{"line":14,"column":49},"end":{"line":14,"column":78}},"8":{"start":{"line":15,"column":8},"end":{"line":15,"column":54}},"9":{"start":{"line":15,"column":21},"end":{"line":15,"column":54}},"10":{"start":{"line":17,"column":8},"end":{"line":17,"column":43}},"11":{"start":{"line":18,"column":8},"end":{"line":18,"column":88}},"12":{"start":{"line":18,"column":57},"end":{"line":18,"column":86}},"13":{"start":{"line":19,"column":8},"end":{"line":19,"column":26}},"14":{"start":{"line":23,"column":29},"end":{"line":23,"column":57}},"15":{"start":{"line":24,"column":30},"end":{"line":24,"column":82}},"16":{"start":{"line":24,"column":60},"end":{"line":24,"column":81}},"17":{"start":{"line":25,"column":8},"end":{"line":25,"column":79}},"18":{"start":{"line":25,"column":26},"end":{"line":25,"column":79}},"19":{"start":{"line":27,"column":24},"end":{"line":32,"column":10}},"20":{"start":{"line":34,"column":8},"end":{"line":34,"column":29}},"21":{"start":{"line":35,"column":8},"end":{"line":35,"column":51}},"22":{"start":{"line":37,"column":8},"end":{"line":37,"column":23}},"23":{"start":{"line":41,"column":29},"end":{"line":41,"column":60}},"24":{"start":{"line":42,"column":8},"end":{"line":42,"column":37}},"25":{"start":{"line":46,"column":29},"end":{"line":46,"column":57}},"26":{"start":{"line":47,"column":8},"end":{"line":47,"column":62}},"27":{"start":{"line":47,"column":26},"end":{"line":47,"column":62}},"28":{"start":{"line":49,"column":25},"end":{"line":51,"column":46}},"29":{"start":{"line":50,"column":31},"end":{"line":50,"column":67}},"30":{"start":{"line":51,"column":29},"end":{"line":51,"column":45}},"31":{"start":{"line":52,"column":8},"end":{"line":52,"column":32}},"32":{"start":{"line":56,"column":30},"end":{"line":56,"column":57}},"33":{"start":{"line":57,"column":0},"end":{"line":57,"column":37}}},"fnMap":{"0":{"name":"(anonymous_7)","decl":{"start":{"line":5,"column":18},"end":{"line":5,"column":34}},"loc":{"start":{"line":5,"column":77},"end":{"line":8,"column":null}}},"1":{"name":"(anonymous_9)","decl":{"start":{"line":10,"column":10},"end":{"line":10,"column":27}},"loc":{"start":{"line":10,"column":61},"end":{"line":20,"column":null}}},"2":{"name":"(anonymous_11)","decl":{"start":{"line":14,"column":38},"end":{"line":14,"column":45}},"loc":{"start":{"line":14,"column":49},"end":{"line":14,"column":78}}},"3":{"name":"(anonymous_12)","decl":{"start":{"line":18,"column":46},"end":{"line":18,"column":53}},"loc":{"start":{"line":18,"column":57},"end":{"line":18,"column":86}}},"4":{"name":"(anonymous_13)","decl":{"start":{"line":22,"column":10},"end":{"line":22,"column":23}},"loc":{"start":{"line":22,"column":102},"end":{"line":38,"column":null}}},"5":{"name":"(anonymous_15)","decl":{"start":{"line":24,"column":49},"end":{"line":24,"column":56}},"loc":{"start":{"line":24,"column":60},"end":{"line":24,"column":81}}},"6":{"name":"(anonymous_16)","decl":{"start":{"line":40,"column":10},"end":{"line":40,"column":21}},"loc":{"start":{"line":40,"column":43},"end":{"line":43,"column":null}}},"7":{"name":"(anonymous_18)","decl":{"start":{"line":45,"column":10},"end":{"line":45,"column":21}},"loc":{"start":{"line":45,"column":62},"end":{"line":53,"column":null}}},"8":{"name":"(anonymous_20)","decl":{"start":{"line":50,"column":20},"end":{"line":50,"column":27}},"loc":{"start":{"line":50,"column":31},"end":{"line":50,"column":67}}},"9":{"name":"(anonymous_21)","decl":{"start":{"line":51,"column":17},"end":{"line":51,"column":24}},"loc":{"start":{"line":51,"column":29},"end":{"line":51,"column":45}}}},"branchMap":{"0":{"loc":{"start":{"line":6,"column":8},"end":{"line":6,"column":36}},"type":"cond-expr","locations":[{"start":{"line":6,"column":21},"end":{"line":6,"column":23}},{"start":{"line":6,"column":21},"end":{"line":6,"column":36}}]},"1":{"loc":{"start":{"line":6,"column":8},"end":{"line":6,"column":23}},"type":"binary-expr","locations":[{"start":{"line":6,"column":8},"end":{"line":6,"column":23}},{"start":{"line":6,"column":21},"end":{"line":6,"column":23}}]},"2":{"loc":{"start":{"line":12,"column":8},"end":{"line":12,"column":68}},"type":"if","locations":[{"start":{"line":12,"column":8},"end":{"line":12,"column":68}}]},"3":{"loc":{"start":{"line":15,"column":8},"end":{"line":15,"column":54}},"type":"if","locations":[{"start":{"line":15,"column":8},"end":{"line":15,"column":54}}]},"4":{"loc":{"start":{"line":18,"column":24},"end":{"line":18,"column":87}},"type":"cond-expr","locations":[{"start":{"line":18,"column":37},"end":{"line":18,"column":39}},{"start":{"line":18,"column":37},"end":{"line":18,"column":87}}]},"5":{"loc":{"start":{"line":18,"column":24},"end":{"line":18,"column":39}},"type":"binary-expr","locations":[{"start":{"line":18,"column":24},"end":{"line":18,"column":39}},{"start":{"line":18,"column":37},"end":{"line":18,"column":39}}]},"6":{"loc":{"start":{"line":24,"column":30},"end":{"line":24,"column":82}},"type":"cond-expr","locations":[{"start":{"line":24,"column":42},"end":{"line":24,"column":44}},{"start":{"line":24,"column":30},"end":{"line":24,"column":82}}]},"7":{"loc":{"start":{"line":24,"column":30},"end":{"line":24,"column":44}},"type":"binary-expr","locations":[{"start":{"line":24,"column":30},"end":{"line":24,"column":44}},{"start":{"line":24,"column":30},"end":{"line":24,"column":44}}]},"8":{"loc":{"start":{"line":25,"column":8},"end":{"line":25,"column":79}},"type":"if","locations":[{"start":{"line":25,"column":8},"end":{"line":25,"column":79}}]},"9":{"loc":{"start":{"line":47,"column":8},"end":{"line":47,"column":62}},"type":"if","locations":[{"start":{"line":47,"column":8},"end":{"line":47,"column":62}}]},"10":{"loc":{"start":{"line":52,"column":15},"end":{"line":52,"column":31}},"type":"cond-expr","locations":[{"start":{"line":52,"column":23},"end":{"line":52,"column":25}},{"start":{"line":52,"column":15},"end":{"line":52,"column":31}}]},"11":{"loc":{"start":{"line":52,"column":15},"end":{"line":52,"column":25}},"type":"binary-expr","locations":[{"start":{"line":52,"column":15},"end":{"line":52,"column":25}},{"start":{"line":52,"column":15},"end":{"line":52,"column":25}}]}},"s":{"0":4,"1":7,"2":7,"3":2,"4":2,"5":0,"6":2,"7":2,"8":2,"9":0,"10":2,"11":2,"12":2,"13":2,"14":7,"15":7,"16":0,"17":7,"18":0,"19":7,"20":7,"21":7,"22":7,"23":11,"24":11,"25":1,"26":1,"27":0,"28":1,"29":1,"30":1,"31":1,"32":4,"33":4},"f":{"0":7,"1":2,"2":2,"3":2,"4":7,"5":0,"6":11,"7":1,"8":1,"9":1},"b":{"0":[0,7],"1":[7,7],"2":[0],"3":[0],"4":[0,2],"5":[2,2],"6":[0,7],"7":[7,7],"8":[0],"9":[0],"10":[0,1],"11":[1,1]}}
}
