TN:
SF:src/app.ts
FN:16,(anonymous_8)
FN:16,(anonymous_9)
FNF:2
FNH:0
FNDA:0,(anonymous_8)
FNDA:0,(anonymous_9)
DA:1,4
DA:2,4
DA:4,4
DA:5,4
DA:7,4
DA:9,4
DA:10,4
DA:11,4
DA:13,4
DA:16,4
DA:19,4
DA:20,4
LF:12
LH:12
BRF:0
BRH:0
end_of_record
TN:
SF:src/controllers/workouts.controller.ts
FN:4,(anonymous_8)
FN:4,(anonymous_9)
FN:10,(anonymous_10)
FN:10,(anonymous_11)
FN:15,(anonymous_12)
FN:15,(anonymous_13)
FN:20,(anonymous_14)
FN:20,(anonymous_15)
FNF:8
FNH:8
FNDA:7,(anonymous_8)
FNDA:7,(anonymous_9)
FNDA:1,(anonymous_10)
FNDA:1,(anonymous_11)
FNDA:1,(anonymous_12)
FNDA:1,(anonymous_13)
FNDA:2,(anonymous_14)
FNDA:2,(anonymous_15)
DA:2,4
DA:4,7
DA:5,7
DA:6,7
DA:7,7
DA:10,4
DA:11,1
DA:12,1
DA:15,4
DA:16,1
DA:17,1
DA:20,4
DA:21,2
DA:22,2
LF:14
LH:14
BRF:0
BRH:0
end_of_record
TN:
SF:src/middlewares/app.user.ts
FN:14,(anonymous_7)
FN:14,(anonymous_8)
FNF:2
FNH:2
FNDA:21,(anonymous_7)
FNDA:21,(anonymous_8)
DA:2,4
DA:3,4
DA:14,21
DA:15,21
DA:17,21
DA:18,21
DA:20,16
DA:22,16
LF:8
LH:8
BRDA:15,0,0,0
BRDA:18,1,0,5
BRF:2
BRH:1
end_of_record
TN:
SF:src/models/internal-user.model.ts
FN:36,(anonymous_0)
FN:43,(anonymous_1)
FNF:2
FNH:2
FNDA:14,(anonymous_0)
FNDA:12,(anonymous_1)
DA:1,4
DA:20,4
DA:37,14
DA:38,14
DA:43,4
DA:44,12
DA:47,4
DA:49,4
LF:8
LH:8
BRF:0
BRH:0
end_of_record
TN:
SF:src/models/program.model.ts
FN:83,(anonymous_0)
FN:88,(anonymous_1)
FN:90,(anonymous_2)
FN:98,(anonymous_3)
FNF:4
FNH:4
FNDA:15,(anonymous_0)
FNDA:15,(anonymous_1)
FNDA:15,(anonymous_2)
FNDA:7,(anonymous_3)
DA:1,4
DA:36,4
DA:84,15
DA:85,15
DA:86,15
DA:87,15
DA:88,15
DA:89,15
DA:90,15
DA:91,15
DA:98,4
DA:99,7
DA:102,4
DA:103,4
LF:14
LH:14
BRF:0
BRH:0
end_of_record
TN:
SF:src/routes/workouts.route.ts
FN:29,(anonymous_0)
FNF:1
FNH:1
FNDA:11,(anonymous_0)
DA:1,4
DA:2,4
DA:3,4
DA:4,4
DA:5,4
DA:7,4
DA:8,4
DA:10,4
DA:12,4
DA:20,4
DA:30,11
DA:31,10
DA:62,4
DA:70,4
LF:14
LH:14
BRDA:30,0,0,1
BRF:1
BRH:1
end_of_record
TN:
SF:src/services/program.ts
FN:5,(anonymous_7)
FN:10,(anonymous_9)
FN:14,(anonymous_11)
FN:18,(anonymous_12)
FN:22,(anonymous_13)
FN:24,(anonymous_15)
FN:40,(anonymous_16)
FN:45,(anonymous_18)
FN:50,(anonymous_20)
FN:51,(anonymous_21)
FNF:10
FNH:9
FNDA:7,(anonymous_7)
FNDA:2,(anonymous_9)
FNDA:2,(anonymous_11)
FNDA:2,(anonymous_12)
FNDA:7,(anonymous_13)
FNDA:0,(anonymous_15)
FNDA:11,(anonymous_16)
FNDA:1,(anonymous_18)
FNDA:1,(anonymous_20)
FNDA:1,(anonymous_21)
DA:2,4
DA:6,7
DA:7,7
DA:11,2
DA:12,2
DA:14,2
DA:15,2
DA:17,2
DA:18,2
DA:19,2
DA:23,7
DA:24,7
DA:25,7
DA:27,7
DA:34,7
DA:35,7
DA:37,7
DA:41,11
DA:42,11
DA:46,1
DA:47,1
DA:49,1
DA:50,1
DA:51,1
DA:52,1
DA:56,4
DA:57,4
LF:27
LH:27
BRDA:6,0,0,0
BRDA:6,0,1,7
BRDA:6,1,0,7
BRDA:6,1,1,7
BRDA:12,2,0,0
BRDA:15,3,0,0
BRDA:18,4,0,0
BRDA:18,4,1,2
BRDA:18,5,0,2
BRDA:18,5,1,2
BRDA:24,6,0,0
BRDA:24,6,1,7
BRDA:24,7,0,7
BRDA:24,7,1,7
BRDA:25,8,0,0
BRDA:47,9,0,0
BRDA:52,10,0,0
BRDA:52,10,1,1
BRDA:52,11,0,1
BRDA:52,11,1,1
BRF:20
BRH:12
end_of_record
